VERSION: 3_0_0

Initial number of files in filtered_dataset: 5929
Number of files in new_metrics_dataset: 5428
Number of files of filtered_dataset not in new_metrics_dataset: 334
Number of files in the intersection of the two datasets: 5595

Total number of .java files: 5595
Number of .java files in the "files_with_bugs_3_0_0.json": 4707
Number of .java files with bug in the filtered_dataset: 4610
Missing .java files in the filtered_dataset:
    TestTablesListByFilter.java
    ArrowColumnarBatchSerDe.java
    TestArrowColumnarBatchSerDe.java
    DriverTxnHandler.java
    HiveMaterializedViewUtils.java
    LineRrOffsetReader.java
    PassThruOffsetReader.java
    SkippingTextInputFormat.java
    TestLineBuffer.java
    TestSkippingTextInputFormat.java
    DriverUtils.java
    TestReplicationScenariosExternalTables.java
    TestReplicationScenariosIncrementalLoadAcidTables.java
    ReplExternalTables.java
    IncrementalLoadEventsIterator.java
    IncrementalLoadTasksBuilder.java
    ReplUtils.java
    UpdatePartColStatHandler.java
    UpdateTableColStatHandler.java
    SessionStream.java
    FetchGroups.java
    StatementVerifyingDerby.java
    TestObjectStoreStatementVerify.java
    TestTxnCommands3.java
    ReplDumpTaskTest.java
    TestBeelineSiteParser.java
    TestHiveProtoEventsCleanerTask.java
    HiveProtoEventsCleanerTask.java
    HiveSchemaToolCommandLine.java
    HiveSchemaToolTask.java
    HiveSchemaToolTaskAlterCatalog.java
    HiveSchemaToolTaskCreateCatalog.java
    HiveSchemaToolTaskInfo.java
    HiveSchemaToolTaskInit.java
    HiveSchemaToolTaskMoveDatabase.java
    HiveSchemaToolTaskMoveTable.java
    HiveSchemaToolTaskUpgrade.java
    HiveSchemaToolTaskValidate.java
    NonCatCallsWithCatalog.java
    InitializeTableWriteIdsRequest.java
    HiveRelOptUtil.java
    TestLazySimpleDeserializeRead.java
    Index.java
    TxnsSnapshot.java
    IfExprConditionalFilter.java
    IfExprIntervalDayTimeColumnColumn.java
    IfExprTimestampColumnColumnBase.java
    AlterIndexMessage.java
    CreateIndexMessage.java
    DropIndexMessage.java
    JSONAlterIndexMessage.java
    JSONCreateIndexMessage.java
    JSONDropIndexMessage.java
    Ftp.java
    CommandNeedRetryException.java
    QueryLifeTimeHookRunner.java
    ImportCommitTask.java
    ImportCommitWork.java
    IfExprIntervalDayTimeColumnScalar.java
    IfExprIntervalDayTimeScalarColumn.java
    IfExprIntervalDayTimeScalarScalar.java
    IfExprTimestampColumnScalar.java
    IfExprTimestampColumnScalarBase.java
    IfExprTimestampScalarColumn.java
    IfExprTimestampScalarColumnBase.java
    IfExprTimestampScalarScalar.java
    IfExprTimestampScalarScalarBase.java
    HooksLoader.java
    MaterializedViewRegistryUpdateHook.java
    AbstractIndexHandler.java
    AggregateIndexHandler.java
    HiveIndex.java
    HiveIndexHandler.java
    HiveIndexQueryContext.java
    HiveIndexResult.java
    HiveIndexedInputFormat.java
    IndexMetadataChangeTask.java
    IndexMetadataChangeWork.java
    IndexResult.java
    SplitFilter.java
    TableBasedIndexHandler.java
    BitmapIndexHandler.java
    BitmapInnerQuery.java
    BitmapObjectInput.java
    BitmapObjectOutput.java
    BitmapOuterQuery.java
    BitmapQuery.java
    CompactIndexHandler.java
    HiveCompactIndexInputFormat.java
    IndexUtils.java
    RewriteCanApplyCtx.java
    RewriteCanApplyProcFactory.java
    RewriteGBUsingIndex.java
    RewriteParseContextGenerator.java
    RewriteQueryUsingAggregateIndexCtx.java
    IndexWhereResolver.java
    IndexWhereProcCtx.java
    IndexWhereProcessor.java
    IndexWhereTaskDispatcher.java
    IndexUpdater.java
    AlterIndexDesc.java
    CreateIndexDesc.java
    DropIndexDesc.java
    ShowIndexesDesc.java
    AbstractGenericUDFEWAHBitmapBop.java
    GenericUDAFEWAHBitmap.java
    GenericUDFEWAHBitmapAnd.java
    GenericUDFEWAHBitmapEmpty.java
    GenericUDFEWAHBitmapOr.java
    MockIndexResult.java
    SplitFilterTestCase.java
    TestIndexType.java
    TestSplitFilter.java
    MaterializationInvalidationInfo.java
    TestHiveMetaStoreStatsMerge.java
    ColumnStatsTask.java
    AggrStatsInvalidatorFilter.java
    TestExport.java
    HiveDruidProjectFilterTransposeRule.java
    HiveMaterializedViewFilterScanRule.java
    MaterializedViewSubstitutionVisitor.java
    SubstitutionVisitor.java
    GenericJdbcDatabaseAccessorTest.java
    HiveWrapperTest.java
    CrossProductCheck.java
    VectorUDAFAvgDecimal.java
    VectorUDAFAvgTimestamp.java
    VectorUDAFStdPopTimestamp.java
    VectorUDAFStdSampTimestamp.java
    VectorUDAFVarPopTimestamp.java
    VectorUDAFVarSampTimestamp.java

Number of combined rows for current and previous versions without duplicates
Initial number of metric columns: 67
Initial number of rows: 5595
Total number of bugs: 4610

Initial variable columns: 67

Drop all NaN columns
Remaining columns (67):
    AvgCountLine
    AvgCountLineBlank
    AvgCountLineCode
    AvgCountLineComment
    AvgCyclomatic
    AvgCyclomaticModified
    AvgCyclomaticStrict
    AvgEssential
    CountClassBase
    CountClassCoupled
    CountClassDerived
    CountDeclClass
    CountDeclClassMethod
    CountDeclClassVariable
    CountDeclFunction
    CountDeclInstanceMethod
    CountDeclInstanceVariable
    CountDeclMethod
    CountDeclMethodDefault
    CountDeclMethodPrivate
    CountDeclMethodProtected
    CountDeclMethodPublic
    CountLine
    CountLineBlank
    CountLineCode
    CountLineCodeDecl
    CountLineCodeExe
    CountLineComment
    CountSemicolon
    CountStmt
    CountStmtDecl
    CountStmtExe
    MaxCyclomatic
    MaxCyclomaticModified
    MaxCyclomaticStrict
    MaxInheritanceTree
    PercentLackOfCohesion
    RatioCommentToCode
    SumCyclomatic
    SumCyclomaticModified
    SumCyclomaticStrict
    SumEssential
    CountInputMin
    CountInputMean
    CountInputMax
    CountOutputMin
    CountOutputMean
    CountOutputMax
    CountPathMin
    CountPathMean-divided-by-1,000,000
    CountPathMax-divided-by-1,000,000
    MaxNestingMin
    MaxNestingMean
    MaxNestingMax
    NumberOfLinesAdded
    NumberOfLinesRemoved
    ChangedByNCommitsInCurrentVersion
    ChangedByNCommitsInCurrentVersionAndPreviousVersions
    BugsFixedInNCommits
    AuthorsInCurrentVersion
    AuthorsInCurrentAndPreviousVersions
    AuthorsAvgExpertise
    AuthorsMinExpertise
    AvgCommitTimeForCurrentVersion
    AvgCommitTimeForCurrentVersionAndPreviousVersions
    ChangedComments
    UnchangedComments
Dropped all NaN columns (0):

Columns with missing values:
    AvgCountLine: 0
    AvgCountLineBlank: 0
    AvgCountLineCode: 0
    AvgCountLineComment: 0
    AvgCyclomatic: 0
    AvgCyclomaticModified: 0
    AvgCyclomaticStrict: 0
    AvgEssential: 0
    CountClassBase: 22
    CountClassCoupled: 22
    CountClassDerived: 22
    CountDeclClass: 0
    CountDeclClassMethod: 0
    CountDeclClassVariable: 0
    CountDeclFunction: 0
    CountDeclInstanceMethod: 0
    CountDeclInstanceVariable: 0
    CountDeclMethod: 0
    CountDeclMethodDefault: 0
    CountDeclMethodPrivate: 0
    CountDeclMethodProtected: 0
    CountDeclMethodPublic: 0
    CountLine: 0
    CountLineBlank: 0
    CountLineCode: 0
    CountLineCodeDecl: 0
    CountLineCodeExe: 0
    CountLineComment: 0
    CountSemicolon: 0
    CountStmt: 0
    CountStmtDecl: 0
    CountStmtExe: 0
    MaxCyclomatic: 0
    MaxCyclomaticModified: 0
    MaxCyclomaticStrict: 0
    MaxInheritanceTree: 22
    PercentLackOfCohesion: 22
    RatioCommentToCode: 0
    SumCyclomatic: 0
    SumCyclomaticModified: 0
    SumCyclomaticStrict: 0
    SumEssential: 0
    CountInputMin: 22
    CountInputMean: 22
    CountInputMax: 22
    CountOutputMin: 22
    CountOutputMean: 22
    CountOutputMax: 22
    CountPathMin: 22
    CountPathMean-divided-by-1,000,000: 22
    CountPathMax-divided-by-1,000,000: 22
    MaxNestingMin: 22
    MaxNestingMean: 22
    MaxNestingMax: 22
    NumberOfLinesAdded: 0
    NumberOfLinesRemoved: 0
    ChangedByNCommitsInCurrentVersion: 0
    ChangedByNCommitsInCurrentVersionAndPreviousVersions: 0
    BugsFixedInNCommits: 0
    AuthorsInCurrentVersion: 0
    AuthorsInCurrentAndPreviousVersions: 0
    AuthorsAvgExpertise: 0
    AuthorsMinExpertise: 0
    AvgCommitTimeForCurrentVersion: 0
    AvgCommitTimeForCurrentVersionAndPreviousVersions: 0
    ChangedComments: 0
    UnchangedComments: 0
Total rows with missing values removed: 22
Total rows remaining: 5573

Correlated columns to be dropped:
    AvgCountLineBlank, correlated to: ['AvgCountLine']
    AvgCountLineCode, correlated to: ['AvgCountLine', 'AvgCountLineBlank']
    AvgCyclomatic, correlated to: ['AvgCountLine', 'AvgCountLineCode']
    AvgCyclomaticModified, correlated to: ['AvgCountLine', 'AvgCountLineCode', 'AvgCyclomatic']
    AvgCyclomaticStrict, correlated to: ['AvgCountLine', 'AvgCountLineCode', 'AvgCyclomatic', 'AvgCyclomaticModified']
    CountDeclClassMethod, correlated to: ['CountDeclClass']
    CountDeclClassVariable, correlated to: ['CountDeclClass', 'CountDeclClassMethod']
    CountDeclFunction, correlated to: ['CountDeclClass', 'CountDeclClassMethod', 'CountDeclClassVariable']
    CountDeclInstanceMethod, correlated to: ['CountDeclClass', 'CountDeclClassMethod', 'CountDeclClassVariable', 'CountDeclFunction']
    CountDeclInstanceVariable, correlated to: ['CountDeclClass', 'CountDeclClassMethod', 'CountDeclClassVariable', 'CountDeclFunction', 'CountDeclInstanceMethod']
    CountDeclMethod, correlated to: ['CountDeclClass', 'CountDeclClassMethod', 'CountDeclClassVariable', 'CountDeclFunction', 'CountDeclInstanceMethod', 'CountDeclInstanceVariable']
    CountDeclMethodDefault, correlated to: ['CountDeclClass', 'CountDeclClassMethod', 'CountDeclClassVariable', 'CountDeclFunction', 'CountDeclInstanceMethod', 'CountDeclMethod']
    CountDeclMethodPrivate, correlated to: ['CountDeclClass', 'CountDeclClassMethod', 'CountDeclClassVariable', 'CountDeclFunction', 'CountDeclInstanceMethod', 'CountDeclInstanceVariable', 'CountDeclMethod']
    CountDeclMethodProtected, correlated to: ['CountDeclClass', 'CountDeclClassMethod', 'CountDeclClassVariable', 'CountDeclFunction', 'CountDeclInstanceMethod', 'CountDeclInstanceVariable', 'CountDeclMethod', 'CountDeclMethodPrivate']
    CountDeclMethodPublic, correlated to: ['CountDeclClass', 'CountDeclClassMethod', 'CountDeclClassVariable', 'CountDeclFunction', 'CountDeclInstanceMethod', 'CountDeclInstanceVariable', 'CountDeclMethod', 'CountDeclMethodDefault', 'CountDeclMethodPrivate', 'CountDeclMethodProtected']
    CountLine, correlated to: ['CountDeclClass', 'CountDeclClassMethod', 'CountDeclClassVariable', 'CountDeclFunction', 'CountDeclInstanceMethod', 'CountDeclInstanceVariable', 'CountDeclMethod', 'CountDeclMethodDefault', 'CountDeclMethodPrivate', 'CountDeclMethodProtected', 'CountDeclMethodPublic']
    CountLineBlank, correlated to: ['CountDeclClass', 'CountDeclClassMethod', 'CountDeclClassVariable', 'CountDeclFunction', 'CountDeclInstanceMethod', 'CountDeclInstanceVariable', 'CountDeclMethod', 'CountDeclMethodDefault', 'CountDeclMethodPrivate', 'CountDeclMethodProtected', 'CountDeclMethodPublic', 'CountLine']
    CountLineCode, correlated to: ['CountDeclClass', 'CountDeclClassMethod', 'CountDeclClassVariable', 'CountDeclFunction', 'CountDeclInstanceMethod', 'CountDeclInstanceVariable', 'CountDeclMethod', 'CountDeclMethodDefault', 'CountDeclMethodPrivate', 'CountDeclMethodProtected', 'CountDeclMethodPublic', 'CountLine', 'CountLineBlank']
    CountLineCodeDecl, correlated to: ['CountDeclClass', 'CountDeclClassMethod', 'CountDeclClassVariable', 'CountDeclFunction', 'CountDeclInstanceMethod', 'CountDeclInstanceVariable', 'CountDeclMethod', 'CountDeclMethodDefault', 'CountDeclMethodPrivate', 'CountDeclMethodProtected', 'CountDeclMethodPublic', 'CountLine', 'CountLineBlank', 'CountLineCode']
    CountLineCodeExe, correlated to: ['CountDeclClass', 'CountDeclClassMethod', 'CountDeclClassVariable', 'CountDeclFunction', 'CountDeclInstanceMethod', 'CountDeclInstanceVariable', 'CountDeclMethod', 'CountDeclMethodDefault', 'CountDeclMethodPrivate', 'CountDeclMethodProtected', 'CountDeclMethodPublic', 'CountLine', 'CountLineBlank', 'CountLineCode', 'CountLineCodeDecl']
    CountLineComment, correlated to: ['CountDeclClass', 'CountDeclClassMethod', 'CountDeclClassVariable', 'CountDeclFunction', 'CountDeclInstanceMethod', 'CountDeclInstanceVariable', 'CountDeclMethod', 'CountDeclMethodDefault', 'CountDeclMethodPrivate', 'CountDeclMethodProtected', 'CountDeclMethodPublic', 'CountLine', 'CountLineBlank', 'CountLineCode', 'CountLineCodeDecl', 'CountLineCodeExe']
    CountSemicolon, correlated to: ['CountDeclClass', 'CountDeclClassMethod', 'CountDeclClassVariable', 'CountDeclFunction', 'CountDeclInstanceMethod', 'CountDeclInstanceVariable', 'CountDeclMethod', 'CountDeclMethodDefault', 'CountDeclMethodPrivate', 'CountDeclMethodProtected', 'CountDeclMethodPublic', 'CountLine', 'CountLineBlank', 'CountLineCode', 'CountLineCodeDecl', 'CountLineCodeExe', 'CountLineComment']
    CountStmt, correlated to: ['CountDeclClass', 'CountDeclClassMethod', 'CountDeclClassVariable', 'CountDeclFunction', 'CountDeclInstanceMethod', 'CountDeclInstanceVariable', 'CountDeclMethod', 'CountDeclMethodDefault', 'CountDeclMethodPrivate', 'CountDeclMethodProtected', 'CountDeclMethodPublic', 'CountLine', 'CountLineBlank', 'CountLineCode', 'CountLineCodeDecl', 'CountLineCodeExe', 'CountLineComment', 'CountSemicolon']
    CountStmtDecl, correlated to: ['CountDeclClass', 'CountDeclClassMethod', 'CountDeclClassVariable', 'CountDeclFunction', 'CountDeclInstanceMethod', 'CountDeclInstanceVariable', 'CountDeclMethod', 'CountDeclMethodDefault', 'CountDeclMethodPrivate', 'CountDeclMethodProtected', 'CountDeclMethodPublic', 'CountLine', 'CountLineBlank', 'CountLineCode', 'CountLineCodeDecl', 'CountLineCodeExe', 'CountLineComment', 'CountSemicolon', 'CountStmt']
    CountStmtExe, correlated to: ['CountDeclClass', 'CountDeclClassMethod', 'CountDeclClassVariable', 'CountDeclFunction', 'CountDeclInstanceMethod', 'CountDeclInstanceVariable', 'CountDeclMethod', 'CountDeclMethodDefault', 'CountDeclMethodPrivate', 'CountDeclMethodProtected', 'CountDeclMethodPublic', 'CountLine', 'CountLineBlank', 'CountLineCode', 'CountLineCodeDecl', 'CountLineCodeExe', 'CountLineComment', 'CountSemicolon', 'CountStmt', 'CountStmtDecl']
    MaxCyclomatic, correlated to: ['AvgCyclomaticStrict']
    MaxCyclomaticModified, correlated to: ['MaxCyclomatic']
    MaxCyclomaticStrict, correlated to: ['MaxCyclomatic', 'MaxCyclomaticModified']
    SumCyclomatic, correlated to: ['CountDeclClass', 'CountDeclClassMethod', 'CountDeclClassVariable', 'CountDeclFunction', 'CountDeclInstanceMethod', 'CountDeclInstanceVariable', 'CountDeclMethod', 'CountDeclMethodDefault', 'CountDeclMethodPrivate', 'CountDeclMethodProtected', 'CountDeclMethodPublic', 'CountLine', 'CountLineBlank', 'CountLineCode', 'CountLineCodeDecl', 'CountLineCodeExe', 'CountLineComment', 'CountSemicolon', 'CountStmt', 'CountStmtDecl', 'CountStmtExe']
    SumCyclomaticModified, correlated to: ['CountDeclClass', 'CountDeclClassMethod', 'CountDeclClassVariable', 'CountDeclFunction', 'CountDeclInstanceMethod', 'CountDeclInstanceVariable', 'CountDeclMethod', 'CountDeclMethodDefault', 'CountDeclMethodPrivate', 'CountDeclMethodProtected', 'CountDeclMethodPublic', 'CountLine', 'CountLineBlank', 'CountLineCode', 'CountLineCodeDecl', 'CountLineCodeExe', 'CountLineComment', 'CountSemicolon', 'CountStmt', 'CountStmtDecl', 'CountStmtExe', 'SumCyclomatic']
    SumCyclomaticStrict, correlated to: ['CountDeclClass', 'CountDeclClassMethod', 'CountDeclClassVariable', 'CountDeclFunction', 'CountDeclInstanceMethod', 'CountDeclInstanceVariable', 'CountDeclMethod', 'CountDeclMethodDefault', 'CountDeclMethodPrivate', 'CountDeclMethodProtected', 'CountDeclMethodPublic', 'CountLine', 'CountLineBlank', 'CountLineCode', 'CountLineCodeDecl', 'CountLineCodeExe', 'CountLineComment', 'CountSemicolon', 'CountStmt', 'CountStmtDecl', 'CountStmtExe', 'SumCyclomatic', 'SumCyclomaticModified']
    SumEssential, correlated to: ['CountDeclClass', 'CountDeclClassMethod', 'CountDeclClassVariable', 'CountDeclFunction', 'CountDeclInstanceMethod', 'CountDeclInstanceVariable', 'CountDeclMethod', 'CountDeclMethodDefault', 'CountDeclMethodPrivate', 'CountDeclMethodProtected', 'CountDeclMethodPublic', 'CountLine', 'CountLineBlank', 'CountLineCode', 'CountLineCodeDecl', 'CountLineCodeExe', 'CountLineComment', 'CountSemicolon', 'CountStmt', 'CountStmtDecl', 'CountStmtExe', 'SumCyclomatic', 'SumCyclomaticModified', 'SumCyclomaticStrict']
    NumberOfLinesAdded, correlated to: ['CountDeclClass', 'CountDeclClassMethod', 'CountDeclClassVariable', 'CountDeclFunction', 'CountDeclInstanceMethod', 'CountDeclInstanceVariable', 'CountDeclMethod', 'CountDeclMethodDefault', 'CountDeclMethodPrivate', 'CountDeclMethodProtected', 'CountDeclMethodPublic', 'CountLine', 'CountLineBlank', 'CountLineCode', 'CountLineCodeDecl', 'CountLineCodeExe', 'CountLineComment', 'CountSemicolon', 'CountStmt', 'CountStmtDecl', 'CountStmtExe', 'SumCyclomatic', 'SumCyclomaticModified', 'SumCyclomaticStrict', 'SumEssential']
    ChangedByNCommitsInCurrentVersionAndPreviousVersions, correlated to: ['ChangedByNCommitsInCurrentVersion']
    AuthorsInCurrentVersion, correlated to: ['ChangedByNCommitsInCurrentVersion', 'ChangedByNCommitsInCurrentVersionAndPreviousVersions']
    AuthorsInCurrentAndPreviousVersions, correlated to: ['ChangedByNCommitsInCurrentVersion', 'ChangedByNCommitsInCurrentVersionAndPreviousVersions', 'AuthorsInCurrentVersion']
    AuthorsMinExpertise, correlated to: ['AuthorsAvgExpertise']
    ChangedComments, correlated to: ['CountDeclFunction', 'CountDeclInstanceMethod', 'CountDeclMethod', 'CountDeclMethodDefault', 'CountDeclMethodPublic', 'CountLine', 'CountLineBlank', 'CountLineCode', 'CountLineCodeDecl', 'CountLineCodeExe', 'CountLineComment', 'CountSemicolon', 'CountStmt', 'CountStmtDecl', 'CountStmtExe', 'SumCyclomatic', 'SumCyclomaticModified', 'SumCyclomaticStrict', 'SumEssential', 'NumberOfLinesAdded']
    UnchangedComments, correlated to: ['ChangedByNCommitsInCurrentVersion', 'AuthorsInCurrentVersion']

Remove outliers:
    Initial number of rows in the filtered_dataset: 5573
    Initial number of .java files with bug in the filtered_dataset: 4588
    IQR_method n argument: 20
    Total number of outliers is: 0
    Final number of rows in the filtered_dataset: 5573
    Final number of .java files with bug in the filtered_dataset: 4588

Drop same value columns after outliers removal
Initial columns: 28
Remaining columns (28):
    AvgCountLine
    AvgCountLineComment
    AvgEssential
    CountClassBase
    CountClassCoupled
    CountClassDerived
    CountDeclClass
    MaxInheritanceTree
    PercentLackOfCohesion
    RatioCommentToCode
    CountInputMin
    CountInputMean
    CountInputMax
    CountOutputMin
    CountOutputMean
    CountOutputMax
    CountPathMin
    CountPathMean-divided-by-1,000,000
    CountPathMax-divided-by-1,000,000
    MaxNestingMin
    MaxNestingMean
    MaxNestingMax
    NumberOfLinesRemoved
    ChangedByNCommitsInCurrentVersion
    BugsFixedInNCommits
    AuthorsAvgExpertise
    AvgCommitTimeForCurrentVersion
    AvgCommitTimeForCurrentVersionAndPreviousVersions
Dropped same value columns (0):

Variables range:
    AvgCountLine: 0.0 - 164.0
    AvgCountLineComment: 0.0 - 38.0
    AvgEssential: 0.0 - 13.0
    CountClassBase: 0.0 - 5.0
    CountClassCoupled: 0.0 - 144.0
    CountClassDerived: 0.0 - 37.0
    CountDeclClass: 1.0 - 3305.0
    MaxInheritanceTree: 0.0 - 8.0
    PercentLackOfCohesion: 0.0 - 100.0
    RatioCommentToCode: 0.0 - 9.7
    CountInputMin: 0.0 - 41.0
    CountInputMean: 0.0 - 58.0
    CountInputMax: 0.0 - 434.0
    CountOutputMin: 0.0 - 48.0
    CountOutputMean: 0.0 - 58.4
    CountOutputMax: 0.0 - 208.0
    CountPathMin: 0.0 - 464.0
    CountPathMean-divided-by-1,000,000: 0.0 - 111.0
    CountPathMax-divided-by-1,000,000: 0.0 - 1000.0
    MaxNestingMin: 0.0 - 6.0
    MaxNestingMean: 0.0 - 6.0
    MaxNestingMax: 0.0 - 11.0
    NumberOfLinesRemoved: 0 - 919
    ChangedByNCommitsInCurrentVersion: 1 - 254
    BugsFixedInNCommits: 0 - 8
    AuthorsAvgExpertise: 1 - 974
    AvgCommitTimeForCurrentVersion: 0 - 486
    AvgCommitTimeForCurrentVersionAndPreviousVersions: 0 - 3298

logistic_regression_clf best params: {'C': 1.0, 'class_weight': None, 'dual': False, 'fit_intercept': True, 'intercept_scaling': 1, 'l1_ratio': None, 'max_iter': 100, 'multi_class': 'deprecated', 'n_jobs': None, 'penalty': None, 'random_state': None, 'solver': 'newton-cg', 'tol': 0.0001, 'verbose': 0, 'warm_start': False}
logistic_regression_clf coefficients: [ 3.12338593e-02 -2.23533360e-02 -1.68818301e-02 -4.44447930e-01
 -2.10551044e-03 -1.06554785e-02 -4.37932236e-03  4.92146161e-01
  7.93070055e-03  6.44862677e-02  5.35493213e-02 -5.27418456e-02
  4.74233846e-03 -2.52028865e-02  4.46689887e-03 -7.61312957e-03
 -2.66583837e-03 -1.15056825e-01  3.64804579e-04 -2.44639870e-01
  4.86523148e-01  9.84911904e-03 -1.77449651e-03  5.42574698e-01
 -2.14146738e+00  2.15057636e-02  1.26683688e-02  1.70783612e-03]
logistic_regression_clf intercept_: -6.791646355331424
Logistic Regression Cross Validation Precision scores are: [0.93768546 0.94705882 0.92097264 0.91369048 0.93636364 0.93413174
 0.9118541  0.93604651 0.92569659 0.94047619]
Logistic Regression Average Cross Validation Precision score: 0.9303976176802831
Logistic Regression Cross Validation Precision standard deviation: 0.011774045477704108
Logistic Regression Cross Validation Recall scores are: [0.97530864 0.96987952 0.96805112 0.97151899 0.97169811 0.97196262
 0.96463023 0.96987952 0.96141479 0.94610778]
Logistic Regression Average Cross Validation Recall score: 0.9670451314210806
Logistic Regression Cross Validation Recall standard deviation: 0.008347437433528063
Logistic Regression classifier performance:
precision: [0.83259912 0.92595156]
recall: [0.63851351 0.97238372]
fscore: [0.72275335 0.94859979]
support: [ 296 1376]

Logistic Regression classifier performance:
precision: 0.9259515570934256
recall: 0.9723837209302325
fscore: 0.9485997873094647
support: None

Logistic Regression AUC: 0.9300410512256443

10 most relevant features from SelectKBest with mutual_info_classif
    CountClassBase
    CountClassCoupled
    CountDeclClass
    MaxInheritanceTree
    RatioCommentToCode
    CountOutputMean
    MaxNestingMean
    AuthorsAvgExpertise
    AvgCommitTimeForCurrentVersion
    AvgCommitTimeForCurrentVersionAndPreviousVersions
Alternative nomogram summary
                           Logit Regression Results                           
==============================================================================
Dep. Variable:                   Bugs   No. Observations:                 3901
Model:                          Logit   Df Residuals:                     3872
Method:                           MLE   Df Model:                           28
Date:                Sat, 14 Dec 2024   Pseudo R-squ.:                  0.4837
Time:                        19:10:22   Log-Likelihood:                -939.04
converged:                       True   LL-Null:                       -1818.8
Covariance Type:            nonrobust   LLR p-value:                     0.000
=====================================================================================================================
                                                        coef    std err          z      P>|z|      [0.025      0.975]
---------------------------------------------------------------------------------------------------------------------
const                                                -6.7930      0.398    -17.072      0.000      -7.573      -6.013
AvgCountLine                                          0.0312      0.012      2.572      0.010       0.007       0.055
AvgCountLineComment                                  -0.0223      0.042     -0.532      0.595      -0.105       0.060
AvgEssential                                         -0.0168      0.113     -0.149      0.882      -0.239       0.205
CountClassBase                                       -0.4444      0.120     -3.715      0.000      -0.679      -0.210
CountClassCoupled                                    -0.0021      0.009     -0.247      0.805      -0.019       0.015
CountClassDerived                                    -0.0107      0.031     -0.341      0.733      -0.072       0.051
CountDeclClass                                       -0.0044      0.001     -3.216      0.001      -0.007      -0.002
MaxInheritanceTree                                    0.4922      0.090      5.496      0.000       0.317       0.668
PercentLackOfCohesion                                 0.0079      0.003      3.147      0.002       0.003       0.013
RatioCommentToCode                                    0.0645      0.077      0.834      0.404      -0.087       0.216
CountInputMin                                         0.0536      0.048      1.127      0.260      -0.040       0.147
CountInputMean                                       -0.0527      0.034     -1.571      0.116      -0.119       0.013
CountInputMax                                         0.0047      0.004      1.161      0.245      -0.003       0.013
CountOutputMin                                       -0.0252      0.040     -0.624      0.532      -0.104       0.054
CountOutputMean                                       0.0045      0.037      0.123      0.902      -0.067       0.076
CountOutputMax                                       -0.0076      0.007     -1.030      0.303      -0.022       0.007
CountPathMin                                         -0.0027      0.009     -0.289      0.773      -0.021       0.015
CountPathMean-divided-by-1,000,000                   -0.1151      0.055     -2.096      0.036      -0.223      -0.007
CountPathMax-divided-by-1,000,000                     0.0004      0.001      0.356      0.722      -0.002       0.002
MaxNestingMin                                        -0.2443      0.287     -0.852      0.394      -0.807       0.318
MaxNestingMean                                        0.4864      0.250      1.943      0.052      -0.004       0.977
MaxNestingMax                                         0.0099      0.076      0.130      0.896      -0.139       0.158
NumberOfLinesRemoved                                 -0.0018      0.003     -0.571      0.568      -0.008       0.004
ChangedByNCommitsInCurrentVersion                     0.5427      0.038     14.428      0.000       0.469       0.616
BugsFixedInNCommits                                  -2.1430      0.531     -4.038      0.000      -3.183      -1.103
AuthorsAvgExpertise                                   0.0215      0.001     23.517      0.000       0.020       0.023
AvgCommitTimeForCurrentVersion                        0.0127      0.001      9.378      0.000       0.010       0.015
AvgCommitTimeForCurrentVersionAndPreviousVersions     0.0017      0.000      5.757      0.000       0.001       0.002
=====================================================================================================================

random_forest_clf best params: {'bootstrap': True, 'ccp_alpha': 0.0, 'class_weight': None, 'criterion': 'gini', 'max_depth': 8, 'max_features': 'sqrt', 'max_leaf_nodes': None, 'max_samples': None, 'min_impurity_decrease': 0.0, 'min_samples_leaf': 1, 'min_samples_split': 2, 'min_weight_fraction_leaf': 0.0, 'monotonic_cst': None, 'n_estimators': 300, 'n_jobs': None, 'oob_score': False, 'random_state': 0, 'verbose': 0, 'warm_start': False}
Random Forest Cross Validation Precision scores are: [0.92507205 0.94842407 0.93655589 0.94011976 0.9137931  0.9380531
 0.91666667 0.92977528 0.91666667 0.95100865]
Random Forest Average Cross Validation Precision score: 0.9316135227153891
Random Forest Cross Validation Precision standard deviation: 0.013364841355514825
Random Forest Cross Validation Recall scores are: [0.99074074 0.99698795 0.99041534 0.99367089 1.         0.99065421
 0.9903537  0.99698795 0.9903537  0.98802395]
Random Forest Average Cross Validation Recall score: 0.9928188419096085
Random Forest Cross Validation Recall standard deviation: 0.003901336000132648
Random Forest classifier performance:
precision: [0.93627451 0.92847411]
recall: [0.64527027 0.99055233]
fscore: [0.764      0.95850914]
support: [ 296 1376]

Random Forest classifier performance:
precision: 0.9284741144414169
recall: 0.9905523255813954
fscore: 0.9585091420534458
support: None

Random Forest AUC: 0.9575542111879322

Logistic Regression classifier performance:
Logistic Regression Average Cross Validation Precision score: 93.0
Logistic Regression Average Cross Validation Recall score: 96.7
Logistic Regression AUC: 93.0
precision: 92.6
recall: 97.2

Random Forest classifier performance:
Random Forest Average Cross Validation Precision score: 93.2
Random Forest Average Cross Validation Recall score: 99.3
Random Forest AUC: 95.8
precision: 92.8
recall: 99.1

