VERSION: 3_1_0

Initial number of files in filtered_dataset: 5990
Number of files in new_metrics_dataset: 683
Number of files of filtered_dataset not in new_metrics_dataset: 5248
Number of files in the intersection of the two datasets: 742

Total number of .java files: 742
Number of .java files in the "files_with_bugs_3_1_0.json": 354
Number of .java files with bug in the filtered_dataset: 204
Missing .java files in the filtered_dataset:
    CommonJoinOperator.java
    ZooKeeperStorage.java
    ZooKeeperTokenStoreTestBase.java
    InformationSchemaWithPrivilegeTestBase.java
    ZooKeeperHiveClientHelper.java
    ZkRegistryBase.java
    SSLZookeeperFactory.java
    ZooKeeperHiveHelper.java
    MetastoreDelegationTokenManager.java
    ZooKeeperTokenStore.java
    TxnUtils.java
    TestTxnUtils.java
    AvroContainerOutputFormat.java
    AvroGenericRecordReader.java
    AvroGenericRecordWritable.java
    AvroSerDe.java
    TestAvroDeserializer.java
    ParquetRecordReaderBase.java
    DataWritableReadSupport.java
    DataWritableWriteSupport.java
    MyConverterParent.java
    TestETypeConverter.java
    TestParquetTimestampsHive2Compatibility.java
    AbstractSparkClient.java
    VectorPTFEvaluatorBytesCountDistinct.java
    VectorPTFEvaluatorCountDistinct.java
    VectorPTFEvaluatorDecimalCountDistinct.java
    VectorPTFEvaluatorDoubleCountDistinct.java
    VectorPTFEvaluatorLongCountDistinct.java
    VectorPTFEvaluatorTimestampCountDistinct.java
    VectorPTFDesc.java
    GenericUDAFCount.java
    CompileProcessor.java
    JdbcRecordIterator.java
    LazyBinaryNonPrimitive.java
    TestLazyBinaryStruct.java
    SetProcessor.java
    HCatSemanticAnalyzerBase.java
    HiveAuthorizationProvider.java
    MetaStoreAuthzAPIAuthorizerEmbedOnly.java
    CommandAuthorizerV1.java
    LlapZookeeperRegistryImpl.java
    JoinOperator.java
    MapJoinOperator.java
    SMBMapJoinOperator.java
    VectorMapJoinBaseOperator.java
    VectorSMBMapJoinOperator.java
    TestMsckCreatePartitionsInBatches.java
    CheckResult.java
    HiveMetaStoreChecker.java
    Msck.java
    MetaStoreServerUtils.java
    TezTotalOrderPartitioner.java
    TestTezTotalOrderPartitioner.java
    LineRrOffsetReader.java
    PassThruOffsetReader.java
    HiveContextAwareRecordReader.java
    SkippingTextInputFormat.java
    TestLineBuffer.java
    TestSkippingTextInputFormat.java
    AbstractTestJdbcGenericUDTFGetSplits.java
    TestJdbcGenericUDTFGetSplits2.java
    TestJdbcWithMiniLlapVectorArrow.java
    TestJdbcWithMiniLlapVectorArrowBatch.java
    TestNewGetSplitsFormat.java
    TestNewGetSplitsFormatReturnPath.java
    VectorLimitOperator.java
    TezSessionPoolManager.java
    Initiator.java
    TestCompactionTxnHandler.java
    CompactionTxnHandler.java
    VectorFilterOperator.java
    VectorGroupByOperator.java
    VectorMapJoinOperator.java
    VectorSelectOperator.java
    VectorTopNKeyOperator.java
    AbstractFilterStringColLikeStringScalar.java
    CastCharToBinary.java
    CastDecimalToString.java
    CastLongToString.java
    CastStringToLong.java
    FilterDecimalColumnInList.java
    FilterDoubleColumnInList.java
    FilterLongColumnInList.java
    FilterTimestampColumnInList.java
    FuncLongToString.java
    VectorExpression.java
    VectorUDFUnixTimeStampTimestamp.java
    VectorMapJoinCommonOperator.java
    VectorReduceSinkCommonOperator.java
    VectorReduceSinkObjectHashOperator.java
    GenericUDFFromUnixTime.java
    AggregationBase.java
    TestVectorArithmetic.java
    TestVectorBetweenIn.java
    TestVectorCoalesceElt.java
    TestVectorFilterCompare.java
    TestVectorFilterExpressions.java
    TestVectorIndex.java
    TestVectorNegative.java
    TestVectorNull.java
    TestVectorStructField.java
    LeafFilterFactory.java
    TestParquetFilterPredicate.java
    PreUpgradeTool.java
    RunOptions.java
    TestPreUpgradeTool.java
    HttpServer.java
    ColumnStatistics.java
    PartitionListComposingSpec.java
    PartitionSpecWithSharedSD.java
    PartitionWithoutSD.java
    FunctionTask.java
    TestObjectInspectorUtils.java
    UpdateInputAccessTimeHook.java
    TestReplicationScenariosExternalTables.java
    TestReplicationScenariosIncrementalLoadAcidTables.java
    ReplExternalTables.java
    BootstrapEventsIterator.java
    ConstraintEventsIterator.java
    IncrementalLoadEventsIterator.java
    IncrementalLoadTasksBuilder.java
    HiveWrapper.java
    AbstractConstraintEventHandler.java
    AddPartitionHandler.java
    AlterPartitionHandler.java
    AlterTableHandler.java
    CreateTableHandler.java
    InsertHandler.java
    UpdatePartColStatHandler.java
    UpdateTableColStatHandler.java
    GetPrimaryKeysOperation.java
    DeSerializer.java
    DbNotificationListener.java
    TestDbTxnManager.java
    SQLGenerator.java
    HttpKerberosRequestInterceptor.java
    HttpAuthUtils.java
    BeeLineOpts.java
    AuthorizationMetaStoreFilterHook.java
    DefaultMetaStoreFilterHookImpl.java
    MetaStoreFilterHook.java
    TestMetaStoreServerUtils.java
    JSONAddPartitionMessage.java
    JSONCreateTableMessage.java
    TestQueryDisplay.java
    SessionManager.java
    TestPlainSaslHelper.java
    TestCLIServiceConnectionLimits.java
    TestCLIServiceRestore.java
    TestRetryingThriftCLIServiceClient.java
    TestPluggableHiveSessionImpl.java
    TestSessionGlobalInitFile.java
    TestSessionManagerMetrics.java
    ReplicationV1CompatRule.java
    NotificationEventPoll.java
    LlapTaskSchedulerService.java
    ThreadWithGarbageCleanup.java
    ConvertDecimal64ToDecimal.java
    MaterializationsInvalidationCache.java
    MapJoinTableContainerSerDe.java
    HttpConstants.java
    LlapServlet.java
    HS2LeadershipStatus.java
    HS2Peers.java
    TestJdbcWithSQLAuthorization.java
    LlapCacheResourceProcessor.java
    LlapClusterResourceProcessor.java
    HiveOperationType.java
    Operation2Privilege.java

Number of combined rows for current and previous versions without duplicates
Initial number of metric columns: 67
Initial number of rows: 742
Total number of bugs: 204

Initial variable columns: 67

Drop all NaN columns
Remaining columns (67):
    AvgCountLine
    AvgCountLineBlank
    AvgCountLineCode
    AvgCountLineComment
    AvgCyclomatic
    AvgCyclomaticModified
    AvgCyclomaticStrict
    AvgEssential
    CountClassBase
    CountClassCoupled
    CountClassDerived
    CountDeclClass
    CountDeclClassMethod
    CountDeclClassVariable
    CountDeclFunction
    CountDeclInstanceMethod
    CountDeclInstanceVariable
    CountDeclMethod
    CountDeclMethodDefault
    CountDeclMethodPrivate
    CountDeclMethodProtected
    CountDeclMethodPublic
    CountLine
    CountLineBlank
    CountLineCode
    CountLineCodeDecl
    CountLineCodeExe
    CountLineComment
    CountSemicolon
    CountStmt
    CountStmtDecl
    CountStmtExe
    MaxCyclomatic
    MaxCyclomaticModified
    MaxCyclomaticStrict
    MaxInheritanceTree
    PercentLackOfCohesion
    RatioCommentToCode
    SumCyclomatic
    SumCyclomaticModified
    SumCyclomaticStrict
    SumEssential
    CountInputMin
    CountInputMean
    CountInputMax
    CountOutputMin
    CountOutputMean
    CountOutputMax
    CountPathMin-divided-by-0.1
    CountPathMean-divided-by-1,000,000
    CountPathMax-divided-by-1,000,000
    MaxNestingMin
    MaxNestingMean
    MaxNestingMax
    NumberOfLinesAdded
    NumberOfLinesRemoved
    ChangedByNCommitsInCurrentVersion
    ChangedByNCommitsInCurrentVersionAndPreviousVersions
    BugsFixedInNCommits
    AuthorsInCurrentVersion
    AuthorsInCurrentAndPreviousVersions
    AuthorsAvgExpertise
    AuthorsMinExpertise
    AvgCommitTimeForCurrentVersion
    AvgCommitTimeForCurrentVersionAndPreviousVersions
    ChangedComments
    UnchangedComments
Dropped all NaN columns (0):

Columns with missing values:
    AvgCountLine: 0
    AvgCountLineBlank: 0
    AvgCountLineCode: 0
    AvgCountLineComment: 0
    AvgCyclomatic: 0
    AvgCyclomaticModified: 0
    AvgCyclomaticStrict: 0
    AvgEssential: 0
    CountClassBase: 23
    CountClassCoupled: 23
    CountClassDerived: 23
    CountDeclClass: 0
    CountDeclClassMethod: 0
    CountDeclClassVariable: 0
    CountDeclFunction: 0
    CountDeclInstanceMethod: 0
    CountDeclInstanceVariable: 0
    CountDeclMethod: 0
    CountDeclMethodDefault: 0
    CountDeclMethodPrivate: 0
    CountDeclMethodProtected: 0
    CountDeclMethodPublic: 0
    CountLine: 0
    CountLineBlank: 0
    CountLineCode: 0
    CountLineCodeDecl: 0
    CountLineCodeExe: 0
    CountLineComment: 0
    CountSemicolon: 0
    CountStmt: 0
    CountStmtDecl: 0
    CountStmtExe: 0
    MaxCyclomatic: 0
    MaxCyclomaticModified: 0
    MaxCyclomaticStrict: 0
    MaxInheritanceTree: 23
    PercentLackOfCohesion: 23
    RatioCommentToCode: 0
    SumCyclomatic: 0
    SumCyclomaticModified: 0
    SumCyclomaticStrict: 0
    SumEssential: 0
    CountInputMin: 23
    CountInputMean: 23
    CountInputMax: 23
    CountOutputMin: 23
    CountOutputMean: 23
    CountOutputMax: 23
    CountPathMin-divided-by-0.1: 23
    CountPathMean-divided-by-1,000,000: 23
    CountPathMax-divided-by-1,000,000: 23
    MaxNestingMin: 23
    MaxNestingMean: 23
    MaxNestingMax: 23
    NumberOfLinesAdded: 0
    NumberOfLinesRemoved: 0
    ChangedByNCommitsInCurrentVersion: 0
    ChangedByNCommitsInCurrentVersionAndPreviousVersions: 0
    BugsFixedInNCommits: 0
    AuthorsInCurrentVersion: 0
    AuthorsInCurrentAndPreviousVersions: 0
    AuthorsAvgExpertise: 0
    AuthorsMinExpertise: 0
    AvgCommitTimeForCurrentVersion: 0
    AvgCommitTimeForCurrentVersionAndPreviousVersions: 0
    ChangedComments: 0
    UnchangedComments: 0
Total rows with missing values removed: 23
Total rows remaining: 719

Correlated columns to be dropped:
    AvgCountLineBlank, correlated to: ['AvgCountLine']
    AvgCountLineCode, correlated to: ['AvgCountLine', 'AvgCountLineBlank']
    AvgCyclomaticModified, correlated to: ['AvgCyclomatic']
    AvgCyclomaticStrict, correlated to: ['AvgCyclomatic', 'AvgCyclomaticModified']
    CountDeclClassMethod, correlated to: ['CountDeclClass']
    CountDeclClassVariable, correlated to: ['CountDeclClass', 'CountDeclClassMethod']
    CountDeclFunction, correlated to: ['CountDeclClass', 'CountDeclClassMethod', 'CountDeclClassVariable']
    CountDeclInstanceMethod, correlated to: ['CountDeclClass', 'CountDeclClassMethod', 'CountDeclClassVariable', 'CountDeclFunction']
    CountDeclInstanceVariable, correlated to: ['CountDeclClass', 'CountDeclClassMethod', 'CountDeclClassVariable', 'CountDeclFunction', 'CountDeclInstanceMethod']
    CountDeclMethod, correlated to: ['CountDeclClass', 'CountDeclClassMethod', 'CountDeclClassVariable', 'CountDeclFunction', 'CountDeclInstanceMethod', 'CountDeclInstanceVariable']
    CountDeclMethodDefault, correlated to: ['CountDeclClass', 'CountDeclClassMethod', 'CountDeclClassVariable', 'CountDeclFunction', 'CountDeclInstanceMethod', 'CountDeclInstanceVariable', 'CountDeclMethod']
    CountDeclMethodPrivate, correlated to: ['CountDeclClass', 'CountDeclClassMethod', 'CountDeclClassVariable', 'CountDeclFunction', 'CountDeclInstanceMethod', 'CountDeclInstanceVariable', 'CountDeclMethod']
    CountDeclMethodProtected, correlated to: ['CountDeclClass', 'CountDeclClassMethod', 'CountDeclClassVariable', 'CountDeclFunction', 'CountDeclInstanceMethod', 'CountDeclInstanceVariable', 'CountDeclMethod', 'CountDeclMethodDefault', 'CountDeclMethodPrivate']
    CountDeclMethodPublic, correlated to: ['CountDeclClass', 'CountDeclClassMethod', 'CountDeclClassVariable', 'CountDeclFunction', 'CountDeclInstanceMethod', 'CountDeclInstanceVariable', 'CountDeclMethod', 'CountDeclMethodDefault', 'CountDeclMethodPrivate', 'CountDeclMethodProtected']
    CountLine, correlated to: ['CountDeclClass', 'CountDeclClassMethod', 'CountDeclClassVariable', 'CountDeclFunction', 'CountDeclInstanceMethod', 'CountDeclInstanceVariable', 'CountDeclMethod', 'CountDeclMethodDefault', 'CountDeclMethodPrivate', 'CountDeclMethodProtected', 'CountDeclMethodPublic']
    CountLineBlank, correlated to: ['CountDeclClass', 'CountDeclClassMethod', 'CountDeclClassVariable', 'CountDeclFunction', 'CountDeclInstanceMethod', 'CountDeclInstanceVariable', 'CountDeclMethod', 'CountDeclMethodDefault', 'CountDeclMethodPrivate', 'CountDeclMethodProtected', 'CountDeclMethodPublic', 'CountLine']
    CountLineCode, correlated to: ['CountDeclClass', 'CountDeclClassMethod', 'CountDeclClassVariable', 'CountDeclFunction', 'CountDeclInstanceMethod', 'CountDeclInstanceVariable', 'CountDeclMethod', 'CountDeclMethodDefault', 'CountDeclMethodPrivate', 'CountDeclMethodProtected', 'CountDeclMethodPublic', 'CountLine', 'CountLineBlank']
    CountLineCodeDecl, correlated to: ['CountDeclClass', 'CountDeclClassMethod', 'CountDeclClassVariable', 'CountDeclFunction', 'CountDeclInstanceMethod', 'CountDeclInstanceVariable', 'CountDeclMethod', 'CountDeclMethodDefault', 'CountDeclMethodPrivate', 'CountDeclMethodProtected', 'CountDeclMethodPublic', 'CountLine', 'CountLineBlank', 'CountLineCode']
    CountLineCodeExe, correlated to: ['CountDeclClass', 'CountDeclClassMethod', 'CountDeclClassVariable', 'CountDeclFunction', 'CountDeclInstanceMethod', 'CountDeclInstanceVariable', 'CountDeclMethod', 'CountDeclMethodDefault', 'CountDeclMethodPrivate', 'CountDeclMethodProtected', 'CountDeclMethodPublic', 'CountLine', 'CountLineBlank', 'CountLineCode', 'CountLineCodeDecl']
    CountLineComment, correlated to: ['CountDeclClass', 'CountDeclClassMethod', 'CountDeclClassVariable', 'CountDeclFunction', 'CountDeclInstanceMethod', 'CountDeclInstanceVariable', 'CountDeclMethod', 'CountDeclMethodDefault', 'CountDeclMethodPrivate', 'CountDeclMethodProtected', 'CountDeclMethodPublic', 'CountLine', 'CountLineBlank', 'CountLineCode', 'CountLineCodeDecl', 'CountLineCodeExe']
    CountSemicolon, correlated to: ['CountDeclClass', 'CountDeclClassMethod', 'CountDeclClassVariable', 'CountDeclFunction', 'CountDeclInstanceMethod', 'CountDeclInstanceVariable', 'CountDeclMethod', 'CountDeclMethodDefault', 'CountDeclMethodPrivate', 'CountDeclMethodProtected', 'CountDeclMethodPublic', 'CountLine', 'CountLineBlank', 'CountLineCode', 'CountLineCodeDecl', 'CountLineCodeExe', 'CountLineComment']
    CountStmt, correlated to: ['CountDeclClass', 'CountDeclClassMethod', 'CountDeclClassVariable', 'CountDeclFunction', 'CountDeclInstanceMethod', 'CountDeclInstanceVariable', 'CountDeclMethod', 'CountDeclMethodDefault', 'CountDeclMethodPrivate', 'CountDeclMethodProtected', 'CountDeclMethodPublic', 'CountLine', 'CountLineBlank', 'CountLineCode', 'CountLineCodeDecl', 'CountLineCodeExe', 'CountLineComment', 'CountSemicolon']
    CountStmtDecl, correlated to: ['CountDeclClass', 'CountDeclClassMethod', 'CountDeclClassVariable', 'CountDeclFunction', 'CountDeclInstanceMethod', 'CountDeclInstanceVariable', 'CountDeclMethod', 'CountDeclMethodDefault', 'CountDeclMethodPrivate', 'CountDeclMethodProtected', 'CountDeclMethodPublic', 'CountLine', 'CountLineBlank', 'CountLineCode', 'CountLineCodeDecl', 'CountLineCodeExe', 'CountLineComment', 'CountSemicolon', 'CountStmt']
    CountStmtExe, correlated to: ['CountDeclClass', 'CountDeclClassMethod', 'CountDeclClassVariable', 'CountDeclFunction', 'CountDeclInstanceMethod', 'CountDeclInstanceVariable', 'CountDeclMethod', 'CountDeclMethodDefault', 'CountDeclMethodPrivate', 'CountDeclMethodProtected', 'CountDeclMethodPublic', 'CountLine', 'CountLineBlank', 'CountLineCode', 'CountLineCodeDecl', 'CountLineCodeExe', 'CountLineComment', 'CountSemicolon', 'CountStmt', 'CountStmtDecl']
    MaxCyclomaticModified, correlated to: ['MaxCyclomatic']
    MaxCyclomaticStrict, correlated to: ['MaxCyclomatic', 'MaxCyclomaticModified']
    SumCyclomatic, correlated to: ['CountDeclClass', 'CountDeclClassMethod', 'CountDeclClassVariable', 'CountDeclFunction', 'CountDeclInstanceMethod', 'CountDeclInstanceVariable', 'CountDeclMethod', 'CountDeclMethodDefault', 'CountDeclMethodPrivate', 'CountDeclMethodProtected', 'CountDeclMethodPublic', 'CountLine', 'CountLineBlank', 'CountLineCode', 'CountLineCodeDecl', 'CountLineCodeExe', 'CountLineComment', 'CountSemicolon', 'CountStmt', 'CountStmtDecl', 'CountStmtExe']
    SumCyclomaticModified, correlated to: ['CountDeclClass', 'CountDeclClassMethod', 'CountDeclClassVariable', 'CountDeclFunction', 'CountDeclInstanceMethod', 'CountDeclInstanceVariable', 'CountDeclMethod', 'CountDeclMethodDefault', 'CountDeclMethodPrivate', 'CountDeclMethodProtected', 'CountDeclMethodPublic', 'CountLine', 'CountLineBlank', 'CountLineCode', 'CountLineCodeDecl', 'CountLineCodeExe', 'CountLineComment', 'CountSemicolon', 'CountStmt', 'CountStmtDecl', 'CountStmtExe', 'SumCyclomatic']
    SumCyclomaticStrict, correlated to: ['CountDeclClass', 'CountDeclClassMethod', 'CountDeclClassVariable', 'CountDeclFunction', 'CountDeclInstanceMethod', 'CountDeclInstanceVariable', 'CountDeclMethod', 'CountDeclMethodDefault', 'CountDeclMethodPrivate', 'CountDeclMethodProtected', 'CountDeclMethodPublic', 'CountLine', 'CountLineBlank', 'CountLineCode', 'CountLineCodeDecl', 'CountLineCodeExe', 'CountLineComment', 'CountSemicolon', 'CountStmt', 'CountStmtDecl', 'CountStmtExe', 'SumCyclomatic', 'SumCyclomaticModified']
    SumEssential, correlated to: ['CountDeclClass', 'CountDeclClassMethod', 'CountDeclClassVariable', 'CountDeclFunction', 'CountDeclInstanceMethod', 'CountDeclInstanceVariable', 'CountDeclMethod', 'CountDeclMethodDefault', 'CountDeclMethodPrivate', 'CountDeclMethodProtected', 'CountDeclMethodPublic', 'CountLine', 'CountLineBlank', 'CountLineCode', 'CountLineCodeDecl', 'CountLineCodeExe', 'CountLineComment', 'CountSemicolon', 'CountStmt', 'CountStmtDecl', 'CountStmtExe', 'SumCyclomatic', 'SumCyclomaticModified', 'SumCyclomaticStrict']
    CountOutputMin, correlated to: ['AvgCountLineBlank', 'CountInputMin']
    CountOutputMean, correlated to: ['AvgCountLine', 'AvgCountLineCode']
    MaxNestingMin, correlated to: ['CountPathMin-divided-by-0.1']
    AuthorsInCurrentVersion, correlated to: ['ChangedByNCommitsInCurrentVersion']
    AuthorsInCurrentAndPreviousVersions, correlated to: ['ChangedByNCommitsInCurrentVersionAndPreviousVersions']
    AuthorsMinExpertise, correlated to: ['AuthorsAvgExpertise']
    UnchangedComments, correlated to: ['ChangedByNCommitsInCurrentVersion', 'AuthorsInCurrentVersion']

Remove outliers:
    Initial number of rows in the filtered_dataset: 719
    Initial number of .java files with bug in the filtered_dataset: 204
    IQR_method n argument: 20
    Total number of outliers is: 0
    Final number of rows in the filtered_dataset: 719
    Final number of .java files with bug in the filtered_dataset: 204

Drop same value columns after outliers removal
Initial columns: 30
Remaining columns (30):
    AvgCountLine
    AvgCountLineComment
    AvgCyclomatic
    AvgEssential
    CountClassBase
    CountClassCoupled
    CountClassDerived
    CountDeclClass
    MaxCyclomatic
    MaxInheritanceTree
    PercentLackOfCohesion
    RatioCommentToCode
    CountInputMin
    CountInputMean
    CountInputMax
    CountOutputMax
    CountPathMin-divided-by-0.1
    CountPathMean-divided-by-1,000,000
    CountPathMax-divided-by-1,000,000
    MaxNestingMean
    MaxNestingMax
    NumberOfLinesAdded
    NumberOfLinesRemoved
    ChangedByNCommitsInCurrentVersion
    ChangedByNCommitsInCurrentVersionAndPreviousVersions
    BugsFixedInNCommits
    AuthorsAvgExpertise
    AvgCommitTimeForCurrentVersion
    AvgCommitTimeForCurrentVersionAndPreviousVersions
    ChangedComments
Dropped same value columns (0):

Variables range:
    AvgCountLine: 0.0 - 355.0
    AvgCountLineComment: 0.0 - 29.0
    AvgCyclomatic: 0.0 - 30.0
    AvgEssential: 0.0 - 13.0
    CountClassBase: 0.0 - 5.0
    CountClassCoupled: 0.0 - 144.0
    CountClassDerived: 0.0 - 25.0
    CountDeclClass: 1.0 - 3321.0
    MaxCyclomatic: 0.0 - 124.0
    MaxInheritanceTree: 0.0 - 4.0
    PercentLackOfCohesion: 0.0 - 100.0
    RatioCommentToCode: 0.0 - 5.2
    CountInputMin: 0.0 - 29.0
    CountInputMean: 0.0 - 40.6
    CountInputMax: 0.0 - 435.0
    CountOutputMax: 0.0 - 209.0
    CountPathMin-divided-by-0.1: 0.0 - 110.0
    CountPathMean-divided-by-1,000,000: 0.0 - 125.0
    CountPathMax-divided-by-1,000,000: 0.0 - 1000.0
    MaxNestingMean: 0.0 - 3.0
    MaxNestingMax: 0.0 - 11.0
    NumberOfLinesAdded: 0 - 1158
    NumberOfLinesRemoved: 0 - 409
    ChangedByNCommitsInCurrentVersion: 1 - 28
    ChangedByNCommitsInCurrentVersionAndPreviousVersions: 1 - 1280
    BugsFixedInNCommits: 0 - 1
    AuthorsAvgExpertise: 2 - 956
    AvgCommitTimeForCurrentVersion: 0 - 173
    AvgCommitTimeForCurrentVersionAndPreviousVersions: 0 - 1424
    ChangedComments: 0 - 161

logistic_regression_clf best params: {'C': 1.0, 'class_weight': None, 'dual': False, 'fit_intercept': True, 'intercept_scaling': 1, 'l1_ratio': None, 'max_iter': 300, 'multi_class': 'deprecated', 'n_jobs': None, 'penalty': None, 'random_state': None, 'solver': 'saga', 'tol': 0.0001, 'verbose': 0, 'warm_start': False}
logistic_regression_clf coefficients: [-0.01636712 -0.00189589 -0.00393715 -0.00202966 -0.00073965  0.00197226
 -0.00014882 -0.00154145 -0.00457615 -0.00253875  0.00032652 -0.00074051
 -0.00329987 -0.00452152  0.00121938 -0.0036986  -0.01576187 -0.00241935
  0.00019978 -0.00065978 -0.00039428  0.00068666 -0.00794273  0.00099164
  0.00712371  0.00019866 -0.00078917  0.00295738 -0.00265301 -0.00072058]
logistic_regression_clf intercept_: -0.0010382426685621336
Logistic Regression Cross Validation Precision scores are: [1.         1.         0.44444444 0.8        0.625      0.6
 1.         0.28571429 0.         0.66666667]
Logistic Regression Average Cross Validation Precision score: 0.6421825396825397
Logistic Regression Cross Validation Precision standard deviation: 0.3317041551630732
Logistic Regression Cross Validation Recall scores are: [0.21428571 0.2        0.2        0.22222222 0.41666667 0.3
 0.06666667 0.18181818 0.         0.36363636]
Logistic Regression Average Cross Validation Recall score: 0.21652958152958152
Logistic Regression Cross Validation Recall standard deviation: 0.12463069818755963
Logistic Regression classifier performance:
precision: [0.75879397 0.76470588]
recall: [0.97419355 0.21311475]
fscore: [0.85310734 0.33333333]
support: [155  61]

Logistic Regression classifier performance:
precision: 0.7647058823529411
recall: 0.21311475409836064
fscore: 0.3333333333333333
support: None

Logistic Regression AUC: 0.7296668429402433

10 most relevant features from SelectKBest with mutual_info_classif
    AvgCountLine
    AvgCountLineComment
    CountClassCoupled
    CountInputMean
    CountOutputMax
    ChangedByNCommitsInCurrentVersion
    ChangedByNCommitsInCurrentVersionAndPreviousVersions
    AuthorsAvgExpertise
    AvgCommitTimeForCurrentVersion
    AvgCommitTimeForCurrentVersionAndPreviousVersions
Alternative nomogram summary
                           Logit Regression Results                           
==============================================================================
Dep. Variable:                   Bugs   No. Observations:                  503
Model:                          Logit   Df Residuals:                      472
Method:                           MLE   Df Model:                           30
Date:                Sat, 14 Dec 2024   Pseudo R-squ.:                  0.2632
Time:                        19:31:23   Log-Likelihood:                -221.23
converged:                      False   LL-Null:                       -300.27
Covariance Type:            nonrobust   LLR p-value:                 2.420e-19
========================================================================================================================
                                                           coef    std err          z      P>|z|      [0.025      0.975]
------------------------------------------------------------------------------------------------------------------------
const                                                   -2.7627      0.833     -3.317      0.001      -4.395      -1.130
AvgCountLine                                             0.0292      0.020      1.446      0.148      -0.010       0.069
AvgCountLineComment                                     -0.1415      0.086     -1.640      0.101      -0.311       0.028
AvgCyclomatic                                           -0.3100      0.148     -2.097      0.036      -0.600      -0.020
AvgEssential                                            -0.2258      0.232     -0.972      0.331      -0.681       0.230
CountClassBase                                           0.7484      0.300      2.493      0.013       0.160       1.337
CountClassCoupled                                        0.0114      0.009      1.275      0.202      -0.006       0.029
CountClassDerived                                        0.0190      0.062      0.306      0.760      -0.103       0.141
CountDeclClass                                          -0.0008      0.003     -0.322      0.747      -0.006       0.004
MaxCyclomatic                                            0.0137      0.015      0.894      0.371      -0.016       0.044
MaxInheritanceTree                                      -0.3847      0.200     -1.925      0.054      -0.776       0.007
PercentLackOfCohesion                                    0.0090      0.005      1.917      0.055      -0.000       0.018
RatioCommentToCode                                       0.0840      0.241      0.349      0.727      -0.388       0.556
CountInputMin                                           -0.4072      0.154     -2.638      0.008      -0.710      -0.105
CountInputMean                                           0.0629      0.080      0.791      0.429      -0.093       0.219
CountInputMax                                           -0.0086      0.007     -1.269      0.204      -0.022       0.005
CountOutputMax                                          -0.0118      0.009     -1.335      0.182      -0.029       0.006
CountPathMin-divided-by-0.1                             -0.0376      0.031     -1.212      0.225      -0.098       0.023
CountPathMean-divided-by-1,000,000                     -19.2185   9.12e+04     -0.000      1.000   -1.79e+05    1.79e+05
CountPathMax-divided-by-1,000,000                        0.6391      0.375      1.706      0.088      -0.095       1.373
MaxNestingMean                                           0.2656      0.425      0.626      0.532      -0.566       1.098
MaxNestingMax                                            0.1625      0.119      1.366      0.172      -0.071       0.396
NumberOfLinesAdded                                      -0.0009      0.001     -0.756      0.449      -0.003       0.001
NumberOfLinesRemoved                                    -0.0094      0.011     -0.838      0.402      -0.031       0.013
ChangedByNCommitsInCurrentVersion                        0.5079      0.138      3.680      0.000       0.237       0.778
ChangedByNCommitsInCurrentVersionAndPreviousVersions     0.0046      0.003      1.333      0.182      -0.002       0.011
BugsFixedInNCommits                                      2.0951      1.196      1.752      0.080      -0.248       4.438
AuthorsAvgExpertise                                      0.0023      0.001      2.443      0.015       0.000       0.004
AvgCommitTimeForCurrentVersion                          -0.0040      0.010     -0.379      0.705      -0.024       0.017
AvgCommitTimeForCurrentVersionAndPreviousVersions        0.0007      0.001      0.782      0.434      -0.001       0.002
ChangedComments                                          0.0111      0.010      1.148      0.251      -0.008       0.030
========================================================================================================================

random_forest_clf best params: {'bootstrap': True, 'ccp_alpha': 0.0, 'class_weight': None, 'criterion': 'gini', 'max_depth': 8, 'max_features': 'log2', 'max_leaf_nodes': None, 'max_samples': None, 'min_impurity_decrease': 0.0, 'min_samples_leaf': 1, 'min_samples_split': 2, 'min_weight_fraction_leaf': 0.0, 'monotonic_cst': None, 'n_estimators': 200, 'n_jobs': None, 'oob_score': False, 'random_state': 0, 'verbose': 0, 'warm_start': False}
Random Forest Cross Validation Precision scores are: [0.875      0.90909091 0.8        1.         0.66666667 0.66666667
 0.9        0.66666667 0.83333333 0.8       ]
Random Forest Average Cross Validation Precision score: 0.8117424242424243
Random Forest Cross Validation Precision standard deviation: 0.11575425387903784
Random Forest Cross Validation Recall scores are: [0.5        0.5        0.4        0.55555556 0.33333333 0.6
 0.6        0.18181818 0.41666667 0.72727273]
Random Forest Average Cross Validation Recall score: 0.4814646464646465
Random Forest Cross Validation Recall standard deviation: 0.15537253105286958
Random Forest classifier performance:
precision: [0.86781609 0.9047619 ]
recall: [0.97419355 0.62295082]
fscore: [0.91793313 0.73786408]
support: [155  61]

Random Forest classifier performance:
precision: 0.9047619047619048
recall: 0.6229508196721312
fscore: 0.7378640776699029
support: None

Random Forest AUC: 0.8913802221047065

Logistic Regression classifier performance:
Logistic Regression Average Cross Validation Precision score: 64.2
Logistic Regression Average Cross Validation Recall score: 21.7
Logistic Regression AUC: 73.0
precision: 76.5
recall: 21.3

Random Forest classifier performance:
Random Forest Average Cross Validation Precision score: 81.2
Random Forest Average Cross Validation Recall score: 48.1
Random Forest AUC: 89.1
precision: 90.5
recall: 62.3

