VERSION: 2.2.0

Initial number of files in filtered_dataset: 4953
Number of files in new_metrics_dataset: 1257
Number of files of filtered_dataset not in new_metrics_dataset: 3617
Number of files in the intersection of the two datasets: 1336

Total number of .java files: 1336
Number of files without bugs (no priority): 1115
Number of files with Trivial or Minor priority: 17
Number of files with Major priority: 155
Number of files with Critical priority: 43
Number of files with Blocker priority: 6
Total number of files with priorities: 221
Missing .java files in the filtered_dataset:
    HiveDruidQueryBasedInputFormat.java
    HiveDruidQueryBasedInputFormat.java
    FileMetaInfo.java
    StringableMap.java
    TestWorker.java
    StartMiniHS2Cluster.java
    ThriftCliServiceMessageSizeTest.java

Initial variable columns: 67

Drop all NaN columns
Remaining columns (67):
    AvgCountLine
    AvgCountLineBlank
    AvgCountLineCode
    AvgCountLineComment
    AvgCyclomatic
    AvgCyclomaticModified
    AvgCyclomaticStrict
    AvgEssential
    CountClassBase
    CountClassCoupled
    CountClassDerived
    CountDeclClass
    CountDeclClassMethod
    CountDeclClassVariable
    CountDeclFunction
    CountDeclInstanceMethod
    CountDeclInstanceVariable
    CountDeclMethod
    CountDeclMethodDefault
    CountDeclMethodPrivate
    CountDeclMethodProtected
    CountDeclMethodPublic
    CountLine
    CountLineBlank
    CountLineCode
    CountLineCodeDecl
    CountLineCodeExe
    CountLineComment
    CountSemicolon
    CountStmt
    CountStmtDecl
    CountStmtExe
    MaxCyclomatic
    MaxCyclomaticModified
    MaxCyclomaticStrict
    MaxInheritanceTree
    PercentLackOfCohesion
    RatioCommentToCode
    SumCyclomatic
    SumCyclomaticModified
    SumCyclomaticStrict
    SumEssential
    CountInputMin
    CountInputMean
    CountInputMax
    CountOutputMin
    CountOutputMean
    CountOutputMax
    CountPathMin
    CountPathMean-divided-by-100,000
    CountPathMax-divided-by-1,000,000
    MaxNestingMin
    MaxNestingMean
    MaxNestingMax
    NumberOfLinesAdded
    NumberOfLinesRemoved
    ChangedByNCommitsInCurrentVersion
    ChangedByNCommitsInCurrentVersionAndPreviousVersions
    BugsFixedInNCommits
    AuthorsInCurrentVersion
    AuthorsInCurrentAndPreviousVersions
    AuthorsAvgExpertise
    AuthorsMinExpertise
    AvgCommitTimeForCurrentVersion
    AvgCommitTimeForCurrentVersionAndPreviousVersions
    ChangedComments
    UnchangedComments
Dropped all NaN columns (0):

Columns with missing values:
    AvgCountLine: 0
    AvgCountLineBlank: 0
    AvgCountLineCode: 0
    AvgCountLineComment: 0
    AvgCyclomatic: 0
    AvgCyclomaticModified: 0
    AvgCyclomaticStrict: 0
    AvgEssential: 0
    CountClassBase: 1
    CountClassCoupled: 1
    CountClassDerived: 1
    CountDeclClass: 0
    CountDeclClassMethod: 0
    CountDeclClassVariable: 0
    CountDeclFunction: 0
    CountDeclInstanceMethod: 0
    CountDeclInstanceVariable: 0
    CountDeclMethod: 0
    CountDeclMethodDefault: 0
    CountDeclMethodPrivate: 0
    CountDeclMethodProtected: 0
    CountDeclMethodPublic: 0
    CountLine: 0
    CountLineBlank: 0
    CountLineCode: 0
    CountLineCodeDecl: 0
    CountLineCodeExe: 0
    CountLineComment: 0
    CountSemicolon: 0
    CountStmt: 0
    CountStmtDecl: 0
    CountStmtExe: 0
    MaxCyclomatic: 0
    MaxCyclomaticModified: 0
    MaxCyclomaticStrict: 0
    MaxInheritanceTree: 1
    PercentLackOfCohesion: 1
    RatioCommentToCode: 0
    SumCyclomatic: 0
    SumCyclomaticModified: 0
    SumCyclomaticStrict: 0
    SumEssential: 0
    CountInputMin: 1
    CountInputMean: 1
    CountInputMax: 1
    CountOutputMin: 1
    CountOutputMean: 1
    CountOutputMax: 1
    CountPathMin: 1
    CountPathMean-divided-by-100,000: 1
    CountPathMax-divided-by-1,000,000: 1
    MaxNestingMin: 1
    MaxNestingMean: 1
    MaxNestingMax: 1
    NumberOfLinesAdded: 0
    NumberOfLinesRemoved: 0
    ChangedByNCommitsInCurrentVersion: 0
    ChangedByNCommitsInCurrentVersionAndPreviousVersions: 0
    BugsFixedInNCommits: 0
    AuthorsInCurrentVersion: 0
    AuthorsInCurrentAndPreviousVersions: 0
    AuthorsAvgExpertise: 0
    AuthorsMinExpertise: 0
    AvgCommitTimeForCurrentVersion: 0
    AvgCommitTimeForCurrentVersionAndPreviousVersions: 0
    ChangedComments: 0
    UnchangedComments: 0
Total rows with missing values removed: 1
Total rows remaining: 1335

Correlated columns to be dropped:
    AvgCountLineBlank, correlated to: ['AvgCountLine']
    AvgCountLineCode, correlated to: ['AvgCountLine']
    AvgCyclomatic, correlated to: ['AvgCountLine', 'AvgCountLineCode']
    AvgCyclomaticModified, correlated to: ['AvgCountLine', 'AvgCountLineCode', 'AvgCyclomatic']
    AvgCyclomaticStrict, correlated to: ['AvgCountLine', 'AvgCountLineCode', 'AvgCyclomatic', 'AvgCyclomaticModified']
    CountDeclClassMethod, correlated to: ['CountDeclClass']
    CountDeclClassVariable, correlated to: ['CountDeclClass', 'CountDeclClassMethod']
    CountDeclFunction, correlated to: ['CountDeclClass', 'CountDeclClassMethod', 'CountDeclClassVariable']
    CountDeclInstanceMethod, correlated to: ['CountDeclClass', 'CountDeclClassMethod', 'CountDeclClassVariable', 'CountDeclFunction']
    CountDeclInstanceVariable, correlated to: ['CountDeclClass', 'CountDeclClassMethod', 'CountDeclClassVariable', 'CountDeclFunction', 'CountDeclInstanceMethod']
    CountDeclMethod, correlated to: ['CountDeclClass', 'CountDeclClassMethod', 'CountDeclClassVariable', 'CountDeclFunction', 'CountDeclInstanceMethod', 'CountDeclInstanceVariable']
    CountDeclMethodDefault, correlated to: ['CountDeclClassMethod']
    CountDeclMethodPrivate, correlated to: ['CountDeclClass', 'CountDeclClassMethod', 'CountDeclClassVariable', 'CountDeclFunction', 'CountDeclInstanceMethod', 'CountDeclInstanceVariable', 'CountDeclMethod', 'CountDeclMethodDefault']
    CountDeclMethodProtected, correlated to: ['CountDeclClass', 'CountDeclClassMethod', 'CountDeclClassVariable', 'CountDeclFunction', 'CountDeclInstanceMethod', 'CountDeclInstanceVariable', 'CountDeclMethod', 'CountDeclMethodDefault', 'CountDeclMethodPrivate']
    CountDeclMethodPublic, correlated to: ['CountDeclClass', 'CountDeclClassMethod', 'CountDeclClassVariable', 'CountDeclFunction', 'CountDeclInstanceMethod', 'CountDeclInstanceVariable', 'CountDeclMethod', 'CountDeclMethodPrivate', 'CountDeclMethodProtected']
    CountLine, correlated to: ['CountDeclClass', 'CountDeclClassMethod', 'CountDeclClassVariable', 'CountDeclFunction', 'CountDeclInstanceMethod', 'CountDeclInstanceVariable', 'CountDeclMethod', 'CountDeclMethodPrivate', 'CountDeclMethodProtected', 'CountDeclMethodPublic']
    CountLineBlank, correlated to: ['CountDeclClass', 'CountDeclClassMethod', 'CountDeclClassVariable', 'CountDeclFunction', 'CountDeclInstanceMethod', 'CountDeclInstanceVariable', 'CountDeclMethod', 'CountDeclMethodPrivate', 'CountDeclMethodProtected', 'CountDeclMethodPublic', 'CountLine']
    CountLineCode, correlated to: ['CountDeclClass', 'CountDeclClassMethod', 'CountDeclClassVariable', 'CountDeclFunction', 'CountDeclInstanceMethod', 'CountDeclInstanceVariable', 'CountDeclMethod', 'CountDeclMethodPrivate', 'CountDeclMethodProtected', 'CountDeclMethodPublic', 'CountLine', 'CountLineBlank']
    CountLineCodeDecl, correlated to: ['CountDeclClass', 'CountDeclClassMethod', 'CountDeclClassVariable', 'CountDeclFunction', 'CountDeclInstanceMethod', 'CountDeclInstanceVariable', 'CountDeclMethod', 'CountDeclMethodPrivate', 'CountDeclMethodProtected', 'CountDeclMethodPublic', 'CountLine', 'CountLineBlank', 'CountLineCode']
    CountLineCodeExe, correlated to: ['CountDeclClass', 'CountDeclClassMethod', 'CountDeclClassVariable', 'CountDeclFunction', 'CountDeclInstanceMethod', 'CountDeclInstanceVariable', 'CountDeclMethod', 'CountDeclMethodPrivate', 'CountDeclMethodProtected', 'CountDeclMethodPublic', 'CountLine', 'CountLineBlank', 'CountLineCode', 'CountLineCodeDecl']
    CountLineComment, correlated to: ['CountDeclClass', 'CountDeclClassMethod', 'CountDeclClassVariable', 'CountDeclFunction', 'CountDeclInstanceMethod', 'CountDeclInstanceVariable', 'CountDeclMethod', 'CountDeclMethodDefault', 'CountDeclMethodPrivate', 'CountDeclMethodProtected', 'CountDeclMethodPublic', 'CountLine', 'CountLineBlank', 'CountLineCode', 'CountLineCodeDecl', 'CountLineCodeExe']
    CountSemicolon, correlated to: ['CountDeclClass', 'CountDeclClassMethod', 'CountDeclClassVariable', 'CountDeclFunction', 'CountDeclInstanceMethod', 'CountDeclInstanceVariable', 'CountDeclMethod', 'CountDeclMethodPrivate', 'CountDeclMethodProtected', 'CountDeclMethodPublic', 'CountLine', 'CountLineBlank', 'CountLineCode', 'CountLineCodeDecl', 'CountLineCodeExe', 'CountLineComment']
    CountStmt, correlated to: ['CountDeclClass', 'CountDeclClassMethod', 'CountDeclClassVariable', 'CountDeclFunction', 'CountDeclInstanceMethod', 'CountDeclInstanceVariable', 'CountDeclMethod', 'CountDeclMethodPrivate', 'CountDeclMethodProtected', 'CountDeclMethodPublic', 'CountLine', 'CountLineBlank', 'CountLineCode', 'CountLineCodeDecl', 'CountLineCodeExe', 'CountLineComment', 'CountSemicolon']
    CountStmtDecl, correlated to: ['CountDeclClass', 'CountDeclClassMethod', 'CountDeclClassVariable', 'CountDeclFunction', 'CountDeclInstanceMethod', 'CountDeclInstanceVariable', 'CountDeclMethod', 'CountDeclMethodPrivate', 'CountDeclMethodProtected', 'CountDeclMethodPublic', 'CountLine', 'CountLineBlank', 'CountLineCode', 'CountLineCodeDecl', 'CountLineCodeExe', 'CountLineComment', 'CountSemicolon', 'CountStmt']
    CountStmtExe, correlated to: ['CountDeclClass', 'CountDeclClassMethod', 'CountDeclClassVariable', 'CountDeclFunction', 'CountDeclInstanceMethod', 'CountDeclInstanceVariable', 'CountDeclMethod', 'CountDeclMethodPrivate', 'CountDeclMethodProtected', 'CountDeclMethodPublic', 'CountLine', 'CountLineBlank', 'CountLineCode', 'CountLineCodeDecl', 'CountLineCodeExe', 'CountLineComment', 'CountSemicolon', 'CountStmt', 'CountStmtDecl']
    MaxCyclomaticModified, correlated to: ['MaxCyclomatic']
    MaxCyclomaticStrict, correlated to: ['MaxCyclomatic', 'MaxCyclomaticModified']
    SumCyclomatic, correlated to: ['CountDeclClass', 'CountDeclClassMethod', 'CountDeclClassVariable', 'CountDeclFunction', 'CountDeclInstanceMethod', 'CountDeclInstanceVariable', 'CountDeclMethod', 'CountDeclMethodPrivate', 'CountDeclMethodProtected', 'CountDeclMethodPublic', 'CountLine', 'CountLineBlank', 'CountLineCode', 'CountLineCodeDecl', 'CountLineCodeExe', 'CountLineComment', 'CountSemicolon', 'CountStmt', 'CountStmtDecl', 'CountStmtExe']
    SumCyclomaticModified, correlated to: ['CountDeclClass', 'CountDeclClassMethod', 'CountDeclClassVariable', 'CountDeclFunction', 'CountDeclInstanceMethod', 'CountDeclInstanceVariable', 'CountDeclMethod', 'CountDeclMethodPrivate', 'CountDeclMethodProtected', 'CountDeclMethodPublic', 'CountLine', 'CountLineBlank', 'CountLineCode', 'CountLineCodeDecl', 'CountLineCodeExe', 'CountLineComment', 'CountSemicolon', 'CountStmt', 'CountStmtDecl', 'CountStmtExe', 'SumCyclomatic']
    SumCyclomaticStrict, correlated to: ['CountDeclClass', 'CountDeclClassMethod', 'CountDeclClassVariable', 'CountDeclFunction', 'CountDeclInstanceMethod', 'CountDeclInstanceVariable', 'CountDeclMethod', 'CountDeclMethodPrivate', 'CountDeclMethodProtected', 'CountDeclMethodPublic', 'CountLine', 'CountLineBlank', 'CountLineCode', 'CountLineCodeDecl', 'CountLineCodeExe', 'CountLineComment', 'CountSemicolon', 'CountStmt', 'CountStmtDecl', 'CountStmtExe', 'SumCyclomatic', 'SumCyclomaticModified']
    SumEssential, correlated to: ['CountDeclClass', 'CountDeclClassMethod', 'CountDeclClassVariable', 'CountDeclFunction', 'CountDeclInstanceMethod', 'CountDeclInstanceVariable', 'CountDeclMethod', 'CountDeclMethodPrivate', 'CountDeclMethodProtected', 'CountDeclMethodPublic', 'CountLine', 'CountLineBlank', 'CountLineCode', 'CountLineCodeDecl', 'CountLineCodeExe', 'CountLineComment', 'CountSemicolon', 'CountStmt', 'CountStmtDecl', 'CountStmtExe', 'SumCyclomatic', 'SumCyclomaticModified', 'SumCyclomaticStrict']
    ChangedByNCommitsInCurrentVersionAndPreviousVersions, correlated to: ['ChangedByNCommitsInCurrentVersion']
    AuthorsInCurrentVersion, correlated to: ['ChangedByNCommitsInCurrentVersion', 'ChangedByNCommitsInCurrentVersionAndPreviousVersions']
    AuthorsInCurrentAndPreviousVersions, correlated to: ['ChangedByNCommitsInCurrentVersion', 'ChangedByNCommitsInCurrentVersionAndPreviousVersions', 'AuthorsInCurrentVersion']
    AuthorsMinExpertise, correlated to: ['AuthorsAvgExpertise']
    ChangedComments, correlated to: ['NumberOfLinesAdded']
    UnchangedComments, correlated to: ['ChangedByNCommitsInCurrentVersion', 'ChangedByNCommitsInCurrentVersionAndPreviousVersions', 'AuthorsInCurrentVersion', 'AuthorsInCurrentAndPreviousVersions']

Remove outliers:
    Initial number of rows in the filtered_dataset: 1335
    Initial number of files without bugs (no priority): 1114
    Initial number of files with Trivial or Minor priority: 17
    Initial number of files with Major priority: 155
    Initial number of files with Critical priority: 43
    Initial number of files with Blocker priority: 6
    Total initial number of files with priorities: 221
    IQR_method n argument: 20
    Total number of outliers is: 0
    Final number of rows in the filtered_dataset: 1335
    Final number of files without bugs (no priority): 1114
    Final number of files with Trivial or Minor priority: 17
    Final number of files with Major priority: 155
    Final number of files with Critical priority: 43
    Final number of files with Blocker priority: 6
    Total Final number of files with priorities: 221

Drop same value columns after outliers removal
Initial columns: 30
Remaining columns (30):
    AvgCountLine
    AvgCountLineComment
    AvgEssential
    CountClassBase
    CountClassCoupled
    CountClassDerived
    CountDeclClass
    MaxCyclomatic
    MaxInheritanceTree
    PercentLackOfCohesion
    RatioCommentToCode
    CountInputMin
    CountInputMean
    CountInputMax
    CountOutputMin
    CountOutputMean
    CountOutputMax
    CountPathMin
    CountPathMean-divided-by-100,000
    CountPathMax-divided-by-1,000,000
    MaxNestingMin
    MaxNestingMean
    MaxNestingMax
    NumberOfLinesAdded
    NumberOfLinesRemoved
    ChangedByNCommitsInCurrentVersion
    BugsFixedInNCommits
    AuthorsAvgExpertise
    AvgCommitTimeForCurrentVersion
    AvgCommitTimeForCurrentVersionAndPreviousVersions
Dropped same value columns (0):

Variables range:
    AvgCountLine: 0.0 - 167.0
    AvgCountLineComment: 0.0 - 23.0
    AvgEssential: 0.0 - 10.0
    CountClassBase: 0.0 - 5.0
    CountClassCoupled: 0.0 - 149.0
    CountClassDerived: 0.0 - 30.0
    CountDeclClass: 1.0 - 2409.0
    MaxCyclomatic: 0.0 - 102.0
    MaxInheritanceTree: 0.0 - 6.0
    PercentLackOfCohesion: 0.0 - 100.0
    RatioCommentToCode: 0.0 - 7.0
    CountInputMin: 0.0 - 21.0
    CountInputMean: 0.0 - 35.4
    CountInputMax: 0.0 - 398.0
    CountOutputMin: 0.0 - 51.0
    CountOutputMean: 0.0 - 51.0
    CountOutputMax: 0.0 - 197.0
    CountPathMin: 0.0 - 167.0
    CountPathMean-divided-by-100,000: 0.0 - 401.0
    CountPathMax-divided-by-1,000,000: 0.0 - 1000.0
    MaxNestingMin: 0.0 - 6.0
    MaxNestingMean: 0.0 - 6.0
    MaxNestingMax: 0.0 - 11.0
    NumberOfLinesAdded: 0 - 9388
    NumberOfLinesRemoved: 0 - 655
    ChangedByNCommitsInCurrentVersion: 1 - 77
    BugsFixedInNCommits: 0 - 3
    AuthorsAvgExpertise: 1 - 1509
    AvgCommitTimeForCurrentVersion: 0 - 392
    AvgCommitTimeForCurrentVersionAndPreviousVersions: 0 - 1358

logistic_regression_clf best params: {'C': 1.0, 'class_weight': None, 'dual': False, 'fit_intercept': True, 'intercept_scaling': 1, 'l1_ratio': None, 'max_iter': 1000, 'multi_class': 'deprecated', 'n_jobs': None, 'penalty': 'l2', 'random_state': 42, 'solver': 'lbfgs', 'tol': 0.0001, 'verbose': 0, 'warm_start': False}
logistic_regression_clf coefficients: [ 0.01632044  0.32325904  0.18517482 -0.11973775 -0.00127298 -0.12295783
 -0.07216234 -0.01135477 -0.29898371 -0.00591782 -0.25710718 -0.07958947
  0.03077447  0.02160355 -0.09294945 -0.13805601 -0.01808444  0.02785797
 -0.00469441 -0.06291492 -0.03597366  0.08421194 -0.11914342 -0.00598353
 -0.08176918 -0.35672729 -0.01684762  0.00132166  0.00387513 -0.00564522]
logistic_regression_clf intercept_: -0.13190234693233804

Metrics coefficients:
    AvgCountLine: 0.016320440287958576
    AvgCountLineComment: 0.32325904085187446
    AvgEssential: 0.18517482213999412
    CountClassBase: -0.11973775148147528
    CountClassCoupled: -0.0012729803288457754
    CountClassDerived: -0.12295783325985958
    CountDeclClass: -0.07216233862942983
    MaxCyclomatic: -0.011354766561580484
    MaxInheritanceTree: -0.2989837055664464
    PercentLackOfCohesion: -0.005917824668040833
    RatioCommentToCode: -0.2571071819067426
    CountInputMin: -0.0795894699369598
    CountInputMean: 0.030774474338638783
    CountInputMax: 0.021603546649494588
    CountOutputMin: -0.09294944934730871
    CountOutputMean: -0.1380560107525409
    CountOutputMax: -0.018084437634410196
    CountPathMin: 0.02785797285307479
    CountPathMean-divided-by-100,000: -0.004694413263217233
    CountPathMax-divided-by-1,000,000: -0.06291491594230582
    MaxNestingMin: -0.03597365786371216
    MaxNestingMean: 0.08421194252609944
    MaxNestingMax: -0.11914342002057225
    NumberOfLinesAdded: -0.005983525404852309
    NumberOfLinesRemoved: -0.0817691774580309
    ChangedByNCommitsInCurrentVersion: -0.35672729277219206
    BugsFixedInNCommits: -0.01684762399639485
    AuthorsAvgExpertise: 0.001321661663468437
    AvgCommitTimeForCurrentVersion: 0.003875134813219737
    AvgCommitTimeForCurrentVersionAndPreviousVersions: -0.005645219181088882

Calculating scores for Blocker priority...
    Blocker priority Logistic Regression Cross Validation Precision scores are: [0.41765873 0.39389535 0.30243446 0.3433908  0.32496653 0.49924242
 0.39380952 0.17931034 0.41385542 0.41761364]
    Blocker priority Logistic Regression Average Cross Validation Precision score: 0.36861772242502555
    Blocker priority Logistic Regression Cross Validation Precision standard deviation: 0.08688932872665406
    Blocker priority Logistic Regression Cross Validation Recall scores are: [0.36280488 0.23246753 0.35486111 0.31175407 0.375      0.35576923
 0.32751938 0.31816239 0.24067439 0.31026786]
    Blocker priority Logistic Regression Average Cross Validation Recall score: 0.3189280845362012
    Blocker priority Logistic Regression Cross Validation Recall standard deviation: 0.04889627908841281
    Blocker priority Logistic Regression classifier performance:
    Blocker priority precision: 0.2828185328185328
    Blocker priority recall: 0.2592472420506165
    Blocker priority fscore: 0.26547824420164845
    Blocker priority support: None

    Blocker Logistic Regression AUC: 0.5050125313283208

Blocker priority scores summary:
    Blocker priority Logistic Regression Average Cross Validation Precision score: 36.9
    Blocker priority Logistic Regression Average Cross Validation Recall score: 31.9
    Blocker priority precision: 28.3
    Blocker priority recall: 25.9
    Blocker Logistic Regression AUC: 50.5

Calculating scores for Critical priority...
    Critical priority Logistic Regression Cross Validation Precision scores are: [0.25079365 0.58477011 0.42380952 0.42093023 0.40301724 0.42674419
 0.31804878 0.31310861 0.38793103 0.38601533]
    Critical priority Logistic Regression Average Cross Validation Precision score: 0.3915168704402936
    Critical priority Logistic Regression Cross Validation Precision standard deviation: 0.08945487054924631
    Critical priority Logistic Regression Cross Validation Recall scores are: [0.29249644 0.25184275 0.30946644 0.27922078 0.33717949 0.47727273
 0.27487179 0.24734177 0.35100211 0.28987342]
    Critical priority Logistic Regression Average Cross Validation Recall score: 0.3110567720955113
    Critical priority Logistic Regression Cross Validation Recall standard deviation: 0.06715678494762933
    Critical priority Logistic Regression classifier performance:
    Critical priority precision: 0.2828185328185328
    Critical priority recall: 0.2592472420506165
    Critical priority fscore: 0.26547824420164845
    Critical priority support: None

    Critical Logistic Regression AUC: 0.6982553528945282

Critical priority scores summary:
    Critical priority Logistic Regression Average Cross Validation Precision score: 39.2
    Critical priority Logistic Regression Average Cross Validation Recall score: 31.1
    Critical priority precision: 28.3
    Critical priority recall: 25.9
    Critical Logistic Regression AUC: 69.8

Calculating scores for Major priority...
    Major priority Logistic Regression Cross Validation Precision scores are: [0.49593023 0.34626437 0.36910112 0.3497191  0.38409091 0.43882353
 0.34424603 0.42261905 0.3605042  0.46934866]
    Major priority Logistic Regression Average Cross Validation Precision score: 0.398064720364559
    Major priority Logistic Regression Cross Validation Precision standard deviation: 0.05506080523523943
    Major priority Logistic Regression Cross Validation Recall scores are: [0.325      0.26422764 0.31770833 0.55050505 0.44172494 0.31630952
 0.34738095 0.28463796 0.3012987  0.45238095]
    Major priority Logistic Regression Average Cross Validation Recall score: 0.360117406248483
    Major priority Logistic Regression Cross Validation Recall standard deviation: 0.09121680483382993
    Major priority Logistic Regression classifier performance:
    Major priority precision: 0.2828185328185328
    Major priority recall: 0.2592472420506165
    Major priority fscore: 0.26547824420164845
    Major priority support: None

    Major Logistic Regression AUC: 0.6171463563992652

Major priority scores summary:
    Major priority Logistic Regression Average Cross Validation Precision score: 39.8
    Major priority Logistic Regression Average Cross Validation Recall score: 36.0
    Major priority precision: 28.3
    Major priority recall: 25.9
    Major Logistic Regression AUC: 61.7

Calculating scores for Trivial or Minor priority...
    Trivial or Minor priority Logistic Regression Cross Validation Precision scores are: [0.48181818 0.26013289 0.34108527 0.34166667 0.37286822 0.39621849
 0.28972868 0.30321285 0.36875    0.46764706]
    Trivial or Minor priority Logistic Regression Average Cross Validation Precision score: 0.3623128307017043
    Trivial or Minor priority Logistic Regression Cross Validation Precision standard deviation: 0.07207878034915084
    Trivial or Minor priority Logistic Regression Cross Validation Recall scores are: [0.37383721 0.23958333 0.41261905 0.340625   0.35416667 0.24345114
 0.35137085 0.4        0.33757716 0.32840909]
    Trivial or Minor priority Logistic Regression Average Cross Validation Recall score: 0.33816395031462865
    Trivial or Minor priority Logistic Regression Cross Validation Recall standard deviation: 0.05760069571966058
    Trivial or Minor priority Logistic Regression classifier performance:
    Trivial or Minor priority precision: 0.2828185328185328
    Trivial or Minor priority recall: 0.2592472420506165
    Trivial or Minor priority fscore: 0.26547824420164845
    Trivial or Minor priority support: None

    Trivial or Minor Logistic Regression AUC: 0.3803030303030303

Trivial or Minor priority scores summary:
    Trivial or Minor priority Logistic Regression Average Cross Validation Precision score: 36.2
    Trivial or Minor priority Logistic Regression Average Cross Validation Recall score: 33.8
    Trivial or Minor priority precision: 28.3
    Trivial or Minor priority recall: 25.9
    Trivial or Minor Logistic Regression AUC: 38.0

